** AERMAP - VERSION 11103                                              05/20/17
**                                                                     11:29:46
**  Evaluacion de calidad del aire Escuela Colombiana de Ingenierìa
**  Empleando SRTM 3-sec Data, convertido a formato DEM
** A total of       1  DEM files were used
** A total of     432  receptors were processed
** DOMAINLL  -74.081   4.740 -73.990  4.790
** ANCHORXY  601342.00  523956.00  601342.00  523956.00  18 3
** Terrain heights were extracted by default
  
RE ELEVUNIT METERS
RE GRIDPOLR POL1 STA
              ORIG 606283.33    528968.50
              DIST 50. 100. 150. 200. 300. 400.
              GDIR 36   10.  10.
   GRIDPOLR POL1     ELEV    1   2550.7   2550.9   2551.7   2553.3   2555.7   2555.0
   GRIDPOLR POL1     ELEV    2   2550.6   2550.8   2551.4   2552.9   2553.9   2552.8
   GRIDPOLR POL1     ELEV    3   2550.5   2550.6   2551.0   2551.8   2551.8   2550.7
   GRIDPOLR POL1     ELEV    4   2550.4   2550.5   2550.6   2550.8   2550.3   2549.1
   GRIDPOLR POL1     ELEV    5   2550.3   2550.3   2550.3   2550.1   2549.4   2549.2
   GRIDPOLR POL1     ELEV    6   2550.3   2550.1   2550.1   2549.9   2549.1   2549.3
   GRIDPOLR POL1     ELEV    7   2550.3   2550.0   2550.0   2549.9   2549.6   2550.6
   GRIDPOLR POL1     ELEV    8   2550.2   2549.9   2549.9   2550.0   2550.3   2551.4
   GRIDPOLR POL1     ELEV    9   2550.2   2549.9   2549.7   2549.6   2550.3   2551.4
   GRIDPOLR POL1     ELEV   10   2550.3   2549.8   2549.4   2549.2   2550.0   2551.1
   GRIDPOLR POL1     ELEV   11   2550.3   2549.8   2549.2   2549.0   2550.0   2551.3
   GRIDPOLR POL1     ELEV   12   2550.4   2549.8   2549.3   2549.1   2550.1   2552.1
   GRIDPOLR POL1     ELEV   13   2550.5   2549.9   2549.5   2549.1   2550.6   2552.8
   GRIDPOLR POL1     ELEV   14   2550.7   2550.1   2549.7   2549.4   2550.5   2552.8
   GRIDPOLR POL1     ELEV   15   2550.8   2550.4   2549.9   2549.9   2550.5   2552.7
   GRIDPOLR POL1     ELEV   16   2551.0   2550.7   2550.3   2550.4   2551.2   2552.8
   GRIDPOLR POL1     ELEV   17   2551.2   2551.1   2550.9   2551.2   2551.8   2552.7
   GRIDPOLR POL1     ELEV   18   2551.4   2551.4   2551.4   2552.0   2552.6   2552.4
   GRIDPOLR POL1     ELEV   19   2551.6   2551.8   2552.0   2552.7   2553.6   2553.3
   GRIDPOLR POL1     ELEV   20   2551.7   2552.1   2552.5   2553.3   2554.7   2554.9
   GRIDPOLR POL1     ELEV   21   2551.8   2552.3   2552.9   2553.9   2555.7   2556.6
   GRIDPOLR POL1     ELEV   22   2551.9   2552.5   2553.2   2554.3   2556.5   2557.5
   GRIDPOLR POL1     ELEV   23   2551.9   2552.6   2553.4   2554.5   2556.5   2556.5
   GRIDPOLR POL1     ELEV   24   2551.9   2552.6   2553.4   2554.6   2556.5   2556.9
   GRIDPOLR POL1     ELEV   25   2551.9   2552.7   2553.4   2554.6   2556.3   2557.6
   GRIDPOLR POL1     ELEV   26   2551.9   2552.7   2553.4   2554.3   2555.8   2557.1
   GRIDPOLR POL1     ELEV   27   2551.8   2552.7   2553.3   2553.7   2554.7   2555.8
   GRIDPOLR POL1     ELEV   28   2551.7   2552.6   2553.1   2553.0   2553.9   2555.3
   GRIDPOLR POL1     ELEV   29   2551.6   2552.5   2552.7   2552.5   2553.6   2555.6
   GRIDPOLR POL1     ELEV   30   2551.5   2552.1   2552.2   2552.0   2553.4   2555.3
   GRIDPOLR POL1     ELEV   31   2551.3   2551.7   2551.6   2551.4   2553.7   2555.4
   GRIDPOLR POL1     ELEV   32   2551.1   2551.4   2551.2   2551.7   2554.0   2555.9
   GRIDPOLR POL1     ELEV   33   2551.0   2551.2   2551.1   2552.1   2554.2   2555.2
   GRIDPOLR POL1     ELEV   34   2550.9   2551.1   2551.4   2552.7   2554.5   2554.9
   GRIDPOLR POL1     ELEV   35   2550.8   2551.0   2551.7   2553.2   2555.4   2555.1
   GRIDPOLR POL1     ELEV   36   2550.8   2550.9   2551.7   2553.4   2555.8   2555.0
   GRIDPOLR POL1     HILL    1   3092.0   3092.0   3092.0   3092.0   3092.0   3092.0
   GRIDPOLR POL1     HILL    2   3092.0   3092.0   3092.0   3092.0   3092.0   3092.0
   GRIDPOLR POL1     HILL    3   3092.0   3092.0   3092.0   3092.0   3092.0   3092.0
   GRIDPOLR POL1     HILL    4   3092.0   3092.0   3092.0   3092.0   3092.0   3092.0
   GRIDPOLR POL1     HILL    5   3092.0   3092.0   3092.0   3092.0   3092.0   3092.0
   GRIDPOLR POL1     HILL    6   3092.0   3092.0   3092.0   3092.0   3092.0   3092.0
   GRIDPOLR POL1     HILL    7   3092.0   3092.0   3092.0   3092.0   3092.0   3092.0
   GRIDPOLR POL1     HILL    8   3092.0   3092.0   3092.0   3092.0   3092.0   3092.0
   GRIDPOLR POL1     HILL    9   3092.0   3092.0   3092.0   3092.0   3092.0   3092.0
   GRIDPOLR POL1     HILL   10   3092.0   3092.0   3092.0   3092.0   3092.0   3092.0
   GRIDPOLR POL1     HILL   11   3092.0   3092.0   3092.0   3092.0   3092.0   3092.0
   GRIDPOLR POL1     HILL   12   3092.0   3092.0   3092.0   3092.0   3092.0   3092.0
   GRIDPOLR POL1     HILL   13   3092.0   3092.0   3092.0   3092.0   3092.0   3092.0
   GRIDPOLR POL1     HILL   14   3092.0   3092.0   3092.0   3092.0   3092.0   3092.0
   GRIDPOLR POL1     HILL   15   3092.0   3092.0   3092.0   3092.0   3092.0   3092.0
   GRIDPOLR POL1     HILL   16   3092.0   3092.0   3092.0   3092.0   3092.0   3092.0
   GRIDPOLR POL1     HILL   17   3092.0   3092.0   3092.0   3092.0   3092.0   3092.0
   GRIDPOLR POL1     HILL   18   3092.0   3092.0   3092.0   3092.0   3092.0   3092.0
   GRIDPOLR POL1     HILL   19   3092.0   3092.0   3092.0   3092.0   3092.0   3092.0
   GRIDPOLR POL1     HILL   20   3092.0   3092.0   3092.0   3092.0   3092.0   3092.0
   GRIDPOLR POL1     HILL   21   3092.0   3092.0   3092.0   3092.0   3092.0   3092.0
   GRIDPOLR POL1     HILL   22   3092.0   3092.0   3092.0   3092.0   3092.0   3092.0
   GRIDPOLR POL1     HILL   23   3092.0   3092.0   3092.0   3092.0   3092.0   3092.0
   GRIDPOLR POL1     HILL   24   3092.0   3092.0   3092.0   3092.0   3092.0   3092.0
   GRIDPOLR POL1     HILL   25   3092.0   3092.0   3092.0   3092.0   3092.0   3092.0
   GRIDPOLR POL1     HILL   26   3092.0   3092.0   3092.0   3092.0   3092.0   3092.0
   GRIDPOLR POL1     HILL   27   3092.0   3092.0   3092.0   3092.0   3092.0   3092.0
   GRIDPOLR POL1     HILL   28   3092.0   3092.0   3092.0   3092.0   3092.0   3092.0
   GRIDPOLR POL1     HILL   29   3092.0   3092.0   3092.0   3092.0   3092.0   3092.0
   GRIDPOLR POL1     HILL   30   3092.0   3092.0   3092.0   3092.0   3092.0   3092.0
   GRIDPOLR POL1     HILL   31   3092.0   3092.0   3092.0   3092.0   3092.0   3092.0
   GRIDPOLR POL1     HILL   32   3092.0   3092.0   3092.0   3092.0   3092.0   3092.0
   GRIDPOLR POL1     HILL   33   3092.0   3092.0   3092.0   3092.0   3092.0   3092.0
   GRIDPOLR POL1     HILL   34   3092.0   3092.0   3092.0   3092.0   3092.0   3092.0
   GRIDPOLR POL1     HILL   35   3092.0   3092.0   3092.0   3092.0   3092.0   3092.0
   GRIDPOLR POL1     HILL   36   3092.0   3092.0   3092.0   3092.0   3092.0   3092.0
RE GRIDPOLR POL1 END
RE GRIDPOLR POL2 STA
              ORIG 606705.15    528496.95
              DIST 50. 100. 150. 200. 300. 400.
              GDIR 36   10.  10.
   GRIDPOLR POL2     ELEV    1   2556.8   2555.3   2553.8   2553.3   2552.3   2551.2
   GRIDPOLR POL2     ELEV    2   2557.0   2555.3   2553.6   2553.2   2552.4   2552.0
   GRIDPOLR POL2     ELEV    3   2556.9   2555.3   2553.7   2553.1   2553.3   2553.7
   GRIDPOLR POL2     ELEV    4   2556.8   2555.5   2553.9   2552.9   2553.9   2555.2
   GRIDPOLR POL2     ELEV    5   2556.7   2555.8   2554.3   2552.9   2553.7   2555.6
   GRIDPOLR POL2     ELEV    6   2556.6   2556.1   2554.8   2553.6   2552.9   2553.9
   GRIDPOLR POL2     ELEV    7   2556.6   2556.3   2555.5   2554.4   2554.4   2553.1
   GRIDPOLR POL2     ELEV    8   2556.5   2556.4   2555.9   2555.3   2556.8   2555.2
   GRIDPOLR POL2     ELEV    9   2556.5   2556.5   2556.3   2556.0   2557.4   2556.4
   GRIDPOLR POL2     ELEV   10   2556.5   2556.7   2556.7   2556.8   2558.1   2557.2
   GRIDPOLR POL2     ELEV   11   2556.4   2556.8   2557.1   2557.7   2558.7   2558.1
   GRIDPOLR POL2     ELEV   12   2556.4   2556.8   2557.7   2558.6   2559.1   2557.5
   GRIDPOLR POL2     ELEV   13   2556.3   2557.0   2558.1   2559.2   2558.5   2556.4
   GRIDPOLR POL2     ELEV   14   2556.2   2557.0   2558.3   2559.1   2558.1   2555.4
   GRIDPOLR POL2     ELEV   15   2556.1   2557.0   2558.1   2558.9   2557.4   2554.7
   GRIDPOLR POL2     ELEV   16   2556.0   2556.8   2557.8   2558.6   2556.7   2554.0
   GRIDPOLR POL2     ELEV   17   2555.9   2556.6   2557.4   2558.4   2556.2   2553.4
   GRIDPOLR POL2     ELEV   18   2555.7   2556.0   2556.6   2557.8   2555.7   2553.4
   GRIDPOLR POL2     ELEV   19   2555.5   2555.4   2555.4   2556.4   2555.0   2554.0
   GRIDPOLR POL2     ELEV   20   2555.3   2554.9   2554.2   2554.9   2554.5   2553.0
   GRIDPOLR POL2     ELEV   21   2555.1   2554.4   2553.1   2554.1   2554.0   2552.3
   GRIDPOLR POL2     ELEV   22   2555.1   2554.0   2553.4   2553.8   2554.0   2552.4
   GRIDPOLR POL2     ELEV   23   2555.1   2553.8   2553.7   2553.8   2554.0   2552.6
   GRIDPOLR POL2     ELEV   24   2555.1   2554.0   2553.9   2554.0   2554.0   2551.9
   GRIDPOLR POL2     ELEV   25   2555.2   2554.2   2554.0   2554.2   2553.8   2551.0
   GRIDPOLR POL2     ELEV   26   2555.3   2554.5   2554.1   2554.3   2554.2   2551.9
   GRIDPOLR POL2     ELEV   27   2555.4   2554.7   2554.2   2554.2   2553.9   2552.3
   GRIDPOLR POL2     ELEV   28   2555.6   2555.0   2554.4   2554.0   2553.5   2552.5
   GRIDPOLR POL2     ELEV   29   2555.8   2555.4   2554.5   2553.7   2552.7   2552.2
   GRIDPOLR POL2     ELEV   30   2556.0   2555.7   2554.4   2553.4   2551.8   2551.3
   GRIDPOLR POL2     ELEV   31   2556.2   2555.6   2554.3   2553.3   2551.4   2550.2
   GRIDPOLR POL2     ELEV   32   2556.3   2555.4   2554.2   2553.3   2551.5   2549.2
   GRIDPOLR POL2     ELEV   33   2556.5   2555.3   2554.2   2553.4   2551.6   2549.5
   GRIDPOLR POL2     ELEV   34   2556.6   2555.2   2554.0   2553.5   2551.6   2550.0
   GRIDPOLR POL2     ELEV   35   2556.6   2555.1   2553.9   2553.4   2551.8   2551.0
   GRIDPOLR POL2     ELEV   36   2556.7   2555.2   2553.9   2553.3   2552.1   2551.1
   GRIDPOLR POL2     HILL    1   3092.0   3092.0   3092.0   3092.0   3092.0   3092.0
   GRIDPOLR POL2     HILL    2   3092.0   3092.0   3092.0   3092.0   3092.0   3092.0
   GRIDPOLR POL2     HILL    3   3092.0   3092.0   3092.0   3092.0   3092.0   3092.0
   GRIDPOLR POL2     HILL    4   3092.0   3092.0   3092.0   3092.0   3092.0   3092.0
   GRIDPOLR POL2     HILL    5   3092.0   3092.0   3092.0   3092.0   3092.0   3092.0
   GRIDPOLR POL2     HILL    6   3092.0   3092.0   3092.0   3092.0   3092.0   3092.0
   GRIDPOLR POL2     HILL    7   3092.0   3092.0   3092.0   3092.0   3092.0   3092.0
   GRIDPOLR POL2     HILL    8   3092.0   3092.0   3092.0   3092.0   3092.0   3092.0
   GRIDPOLR POL2     HILL    9   3092.0   3092.0   3092.0   3092.0   3092.0   3092.0
   GRIDPOLR POL2     HILL   10   3092.0   3092.0   3092.0   3092.0   3092.0   3092.0
   GRIDPOLR POL2     HILL   11   3092.0   3092.0   3092.0   3092.0   3092.0   3092.0
   GRIDPOLR POL2     HILL   12   3092.0   3092.0   3092.0   3092.0   3092.0   3092.0
   GRIDPOLR POL2     HILL   13   3092.0   3092.0   3092.0   3092.0   3092.0   3092.0
   GRIDPOLR POL2     HILL   14   3092.0   3092.0   3092.0   3092.0   3092.0   3092.0
   GRIDPOLR POL2     HILL   15   3092.0   3092.0   3092.0   3092.0   3092.0   3092.0
   GRIDPOLR POL2     HILL   16   3092.0   3092.0   3092.0   3092.0   3092.0   3092.0
   GRIDPOLR POL2     HILL   17   3092.0   3092.0   3092.0   3092.0   3092.0   3092.0
   GRIDPOLR POL2     HILL   18   3092.0   3092.0   3092.0   3092.0   3092.0   3092.0
   GRIDPOLR POL2     HILL   19   3092.0   3092.0   3092.0   3092.0   3092.0   3092.0
   GRIDPOLR POL2     HILL   20   3092.0   3092.0   3092.0   3092.0   3092.0   3092.0
   GRIDPOLR POL2     HILL   21   3092.0   3092.0   3092.0   3092.0   3092.0   3092.0
   GRIDPOLR POL2     HILL   22   3092.0   3092.0   3092.0   3092.0   3092.0   3092.0
   GRIDPOLR POL2     HILL   23   3092.0   3092.0   3092.0   3092.0   3092.0   3092.0
   GRIDPOLR POL2     HILL   24   3092.0   3092.0   3092.0   3092.0   3092.0   3092.0
   GRIDPOLR POL2     HILL   25   3092.0   3092.0   3092.0   3092.0   3092.0   3092.0
   GRIDPOLR POL2     HILL   26   3092.0   3092.0   3092.0   3092.0   3092.0   3092.0
   GRIDPOLR POL2     HILL   27   3092.0   3092.0   3092.0   3092.0   3092.0   3092.0
   GRIDPOLR POL2     HILL   28   3092.0   3092.0   3092.0   3092.0   3092.0   3092.0
   GRIDPOLR POL2     HILL   29   3092.0   3092.0   3092.0   3092.0   3092.0   3092.0
   GRIDPOLR POL2     HILL   30   3092.0   3092.0   3092.0   3092.0   3092.0   3092.0
   GRIDPOLR POL2     HILL   31   3092.0   3092.0   3092.0   3092.0   3092.0   3092.0
   GRIDPOLR POL2     HILL   32   3092.0   3092.0   3092.0   3092.0   3092.0   3092.0
   GRIDPOLR POL2     HILL   33   3092.0   3092.0   3092.0   3092.0   3092.0   3092.0
   GRIDPOLR POL2     HILL   34   3092.0   3092.0   3092.0   3092.0   3092.0   3092.0
   GRIDPOLR POL2     HILL   35   3092.0   3092.0   3092.0   3092.0   3092.0   3092.0
   GRIDPOLR POL2     HILL   36   3092.0   3092.0   3092.0   3092.0   3092.0   3092.0
RE GRIDPOLR POL2 END
